<?xml version="1.0" encoding="UTF-8"?>
<testsuite xmlns:xsi="http://www.w3.org/2001/XMLSchema-instance" xsi:noNamespaceSchemaLocation="https://maven.apache.org/surefire/maven-surefire-plugin/xsd/surefire-test-report.xsd" version="3.0.2" name="xyz.twstak.userlist.UserListApplicationTests" time="3.408" tests="2" errors="0" skipped="0" failures="0">
  <properties>
[...]
</properties>
  <testcase name="testDao" classname="xyz.twstak.userlist.UserListApplicationTests" time="0.515">
    <system-out><![CDATA[09:45:19.922 [main] INFO org.springframework.test.context.support.AnnotationConfigContextLoaderUtils -- Could not detect default configuration classes for test class [xyz.twstak.userlist.UserListApplicationTests]: UserListApplicationTests does not declare any static, non-private, non-final, nested classes annotated with @Configuration.
09:45:20.024 [main] INFO org.springframework.boot.test.context.SpringBootTestContextBootstrapper -- Found @SpringBootConfiguration xyz.twstak.userlist.UserListApplication for test class xyz.twstak.userlist.UserListApplicationTests

  .   ____          _            __ _ _
 /\\ / ___'_ __ _ _(_)_ __  __ _ \ \ \ \
( ( )\___ | '_ | '_| | '_ \/ _` | \ \ \ \
 \\/  ___)| |_)| | | | | || (_| |  ) ) ) )
  '  |____| .__|_| |_|_| |_\__, | / / / /
 =========|_|==============|___/=/_/_/_/

 :: Spring Boot ::                (v3.5.3)

2025-07-17T09:45:20.446+08:00  INFO 1984 --- [UserList] [           main] x.t.userlist.UserListApplicationTests    : Starting UserListApplicationTests using Java 24.0.1 with PID 1984 (started by STAK in C:\Users\STAK\Desktop\JavaLearn\JavaWEB\lianxi\UserList)
2025-07-17T09:45:20.447+08:00  INFO 1984 --- [UserList] [           main] x.t.userlist.UserListApplicationTests    : No active profile set, falling back to 1 default profile: "default"
Logging initialized using 'class org.apache.ibatis.logging.stdout.StdOutImpl' adapter.
2025-07-17T09:45:21.974+08:00  INFO 1984 --- [UserList] [           main] o.s.b.a.w.s.WelcomePageHandlerMapping    : Adding welcome page: class path resource [static/index.html]
2025-07-17T09:45:22.488+08:00  INFO 1984 --- [UserList] [           main] o.s.b.a.e.web.EndpointLinksResolver      : Exposing 1 endpoint beneath base path '/actuator'
2025-07-17T09:45:22.585+08:00  INFO 1984 --- [UserList] [           main] x.t.userlist.UserListApplicationTests    : Started UserListApplicationTests in 2.43 seconds (process running for 3.268)
[1,倒三角,时代骚年团,马嘉祺,22,2002-01-10 19:14:32, 2,倒三角,时代骚年团,丁程鑫,19,2202-08-10 17:24:32, 3,倒三角,时代骚年团,宋亚轩,21,2402-11-18 14:34:32, 4,倒三角,时代骚年团,刘耀文,24,2052-12-11 16:34:32, 5,倒三角,时代骚年团,张真源,21,2202-01-15 17:34:32, 6,倒三角,时代骚年团,严浩翔,20,2402-05-12 18:34:32, 7,倒三角,时代骚年团,贺峻霖,27,2042-06-10 11:34:32]
]]></system-out>
    <system-err><![CDATA[Mockito is currently self-attaching to enable the inline-mock-maker. This will no longer work in future releases of the JDK. Please add Mockito as an agent to your build as described in Mockito's documentation: https://javadoc.io/doc/org.mockito/mockito-core/latest/org.mockito/org/mockito/Mockito.html#0.3
WARNING: A Java agent has been loaded dynamically (C:\apache-maven-3.9.10\mvn_repo\net\bytebuddy\byte-buddy-agent\1.17.6\byte-buddy-agent-1.17.6.jar)
WARNING: If a serviceability tool is in use, please run with -XX:+EnableDynamicAgentLoading to hide this warning
WARNING: If a serviceability tool is not in use, please run with -Djdk.instrument.traceUsage for more information
WARNING: Dynamic loading of agents will be disallowed by default in a future release
]]></system-err>
  </testcase>
  <testcase name="contextLoads" classname="xyz.twstak.userlist.UserListApplicationTests" time="0.003"/>
</testsuite>